24-Aug-2024 20:27:52.367 INFO [main] org.apache.catalina.startup.VersionLoggerListener.log Server version name:   Apache Tomcat/10.1.28
24-Aug-2024 20:27:52.371 INFO [main] org.apache.catalina.startup.VersionLoggerListener.log Server built:          Aug 2 2024 15:14:43 UTC
24-Aug-2024 20:27:52.371 INFO [main] org.apache.catalina.startup.VersionLoggerListener.log Server version number: 10.1.28.0
24-Aug-2024 20:27:52.371 INFO [main] org.apache.catalina.startup.VersionLoggerListener.log OS Name:               Windows 11
24-Aug-2024 20:27:52.371 INFO [main] org.apache.catalina.startup.VersionLoggerListener.log OS Version:            10.0
24-Aug-2024 20:27:52.371 INFO [main] org.apache.catalina.startup.VersionLoggerListener.log Architecture:          amd64
24-Aug-2024 20:27:52.371 INFO [main] org.apache.catalina.startup.VersionLoggerListener.log Java Home:             C:\Program Files\Java\jdk-22
24-Aug-2024 20:27:52.371 INFO [main] org.apache.catalina.startup.VersionLoggerListener.log JVM Version:           22.0.2+9-70
24-Aug-2024 20:27:52.371 INFO [main] org.apache.catalina.startup.VersionLoggerListener.log JVM Vendor:            Oracle Corporation
24-Aug-2024 20:27:52.371 INFO [main] org.apache.catalina.startup.VersionLoggerListener.log CATALINA_BASE:         C:\Users\eshwarg_700053\IdeaProjects\EmployeeProject\src\main\java\com\training
24-Aug-2024 20:27:52.371 INFO [main] org.apache.catalina.startup.VersionLoggerListener.log CATALINA_HOME:         C:\Users\eshwarg_700053\Downloads\apache-tomcat-10.1.28-windows-x64\apache-tomcat-10.1.28
24-Aug-2024 20:27:52.387 INFO [main] org.apache.catalina.startup.VersionLoggerListener.log Command line argument: --add-opens=java.base/java.lang=ALL-UNNAMED
24-Aug-2024 20:27:52.387 INFO [main] org.apache.catalina.startup.VersionLoggerListener.log Command line argument: --add-opens=java.base/java.io=ALL-UNNAMED
24-Aug-2024 20:27:52.387 INFO [main] org.apache.catalina.startup.VersionLoggerListener.log Command line argument: --add-opens=java.base/java.util=ALL-UNNAMED
24-Aug-2024 20:27:52.387 INFO [main] org.apache.catalina.startup.VersionLoggerListener.log Command line argument: --add-opens=java.base/java.util.concurrent=ALL-UNNAMED
24-Aug-2024 20:27:52.387 INFO [main] org.apache.catalina.startup.VersionLoggerListener.log Command line argument: --add-opens=java.rmi/sun.rmi.transport=ALL-UNNAMED
24-Aug-2024 20:27:52.388 INFO [main] org.apache.catalina.startup.VersionLoggerListener.log Command line argument: -Dcatalina.home=C:\Users\eshwarg_700053\Downloads\apache-tomcat-10.1.28-windows-x64\apache-tomcat-10.1.28
24-Aug-2024 20:27:52.388 INFO [main] org.apache.catalina.startup.VersionLoggerListener.log Command line argument: -Dcatalina.base=C:\Users\eshwarg_700053\IdeaProjects\EmployeeProject\src\main\java\com\training
24-Aug-2024 20:27:52.388 INFO [main] org.apache.catalina.startup.VersionLoggerListener.log Command line argument: -Djava.io.tmpdir=C:\Users\eshwarg_700053\IdeaProjects\EmployeeProject\src\main\java\com\training\temp
24-Aug-2024 20:27:52.388 INFO [main] org.apache.catalina.startup.VersionLoggerListener.log Command line argument: -Djava.util.logging.config.file=C:\Users\eshwarg_700053\IdeaProjects\EmployeeProject\src\main\java\com\training\conf\logging.properties
24-Aug-2024 20:27:52.388 INFO [main] org.apache.catalina.startup.VersionLoggerListener.log Command line argument: -Djava.util.logging.manager=org.apache.juli.ClassLoaderLogManager
24-Aug-2024 20:27:52.388 INFO [main] org.apache.catalina.startup.VersionLoggerListener.log Command line argument: -javaagent:C:\Program Files\JetBrains\IntelliJ IDEA Community Edition 2024.2\lib\idea_rt.jar=58836:C:\Program Files\JetBrains\IntelliJ IDEA Community Edition 2024.2\bin
24-Aug-2024 20:27:52.388 INFO [main] org.apache.catalina.startup.VersionLoggerListener.log Command line argument: -Dfile.encoding=UTF-8
24-Aug-2024 20:27:52.388 INFO [main] org.apache.catalina.startup.VersionLoggerListener.log Command line argument: -Dsun.stdout.encoding=UTF-8
24-Aug-2024 20:27:52.388 INFO [main] org.apache.catalina.startup.VersionLoggerListener.log Command line argument: -Dsun.stderr.encoding=UTF-8
24-Aug-2024 20:27:52.450 INFO [main] org.apache.catalina.core.AprLifecycleListener.lifecycleEvent Loaded Apache Tomcat Native library [2.0.8] using APR version [1.7.4].
24-Aug-2024 20:27:52.473 INFO [main] org.apache.catalina.core.AprLifecycleListener.initializeSSL OpenSSL successfully initialized [OpenSSL 3.0.14 4 Jun 2024]
24-Aug-2024 20:27:52.779 INFO [main] org.apache.coyote.AbstractProtocol.init Initializing ProtocolHandler ["http-nio-8080"]
24-Aug-2024 20:27:52.800 INFO [main] org.apache.catalina.startup.Catalina.load Server initialization in [667] milliseconds
24-Aug-2024 20:27:52.856 INFO [main] org.apache.catalina.core.StandardService.startInternal Starting service [Catalina]
24-Aug-2024 20:27:52.856 INFO [main] org.apache.catalina.core.StandardEngine.startInternal Starting Servlet engine: [Apache Tomcat/10.1.28]
24-Aug-2024 20:27:52.868 INFO [main] org.apache.catalina.startup.HostConfig.deployDescriptor Deploying deployment descriptor [C:\Users\eshwarg_700053\IdeaProjects\EmployeeProject\src\main\java\com\training\conf\Catalina\localhost\api.xml]
24-Aug-2024 20:27:53.966 INFO [main] org.apache.jasper.servlet.TldScanner.scanJars At least one JAR was scanned for TLDs yet contained no TLDs. Enable debug logging for this logger for a complete list of JARs that were scanned but no TLDs were found in them. Skipping unneeded JARs during scanning can improve startup time and JSP compilation time.
24-Aug-2024 20:27:54.051 INFO [main] org.apache.catalina.startup.HostConfig.deployDescriptor Deployment of deployment descriptor [C:\Users\eshwarg_700053\IdeaProjects\EmployeeProject\src\main\java\com\training\conf\Catalina\localhost\api.xml] has finished in [1,182] ms
24-Aug-2024 20:27:54.056 INFO [main] org.apache.coyote.AbstractProtocol.start Starting ProtocolHandler ["http-nio-8080"]
24-Aug-2024 20:27:54.120 INFO [main] org.apache.catalina.startup.Catalina.start Server startup in [1318] milliseconds
24-Aug-2024 20:36:08.092 INFO [Thread-1] org.apache.coyote.AbstractProtocol.pause Pausing ProtocolHandler ["http-nio-8080"]
24-Aug-2024 20:36:08.107 INFO [Thread-1] org.apache.catalina.core.StandardService.stopInternal Stopping service [Catalina]
24-Aug-2024 20:36:08.117 WARNING [Thread-1] org.apache.catalina.loader.WebappClassLoaderBase.clearReferencesJdbc The web application [api] registered the JDBC driver [com.mysql.cj.jdbc.Driver] but failed to unregister it when the web application was stopped. To prevent a memory leak, the JDBC Driver has been forcibly unregistered.
24-Aug-2024 20:36:08.117 WARNING [Thread-1] org.apache.catalina.loader.WebappClassLoaderBase.clearReferencesThreads The web application [api] appears to have started a thread named [mysql-cj-abandoned-connection-cleanup] but has failed to stop it. This is very likely to create a memory leak. Stack trace of thread:
 java.base/jdk.internal.misc.Unsafe.park(Native Method)
 java.base/java.util.concurrent.locks.LockSupport.parkNanos(LockSupport.java:269)
 java.base/java.util.concurrent.locks.AbstractQueuedSynchronizer$ConditionObject.await(AbstractQueuedSynchronizer.java:1847)
 java.base/java.lang.ref.ReferenceQueue.await(ReferenceQueue.java:71)
 java.base/java.lang.ref.ReferenceQueue.remove0(ReferenceQueue.java:143)
 java.base/java.lang.ref.ReferenceQueue.remove(ReferenceQueue.java:218)
 com.mysql.cj.jdbc.AbandonedConnectionCleanupThread.run(AbandonedConnectionCleanupThread.java:84)
 java.base/java.util.concurrent.ThreadPoolExecutor.runWorker(ThreadPoolExecutor.java:1144)
 java.base/java.util.concurrent.ThreadPoolExecutor$Worker.run(ThreadPoolExecutor.java:642)
 java.base/java.lang.Thread.run(Thread.java:1570)
24-Aug-2024 20:36:08.124 INFO [Thread-1] org.apache.coyote.AbstractProtocol.stop Stopping ProtocolHandler ["http-nio-8080"]
24-Aug-2024 20:36:08.143 INFO [Thread-1] org.apache.coyote.AbstractProtocol.destroy Destroying ProtocolHandler ["http-nio-8080"]
24-Aug-2024 20:36:11.953 INFO [main] org.apache.catalina.startup.VersionLoggerListener.log Server version name:   Apache Tomcat/10.1.28
24-Aug-2024 20:36:11.958 INFO [main] org.apache.catalina.startup.VersionLoggerListener.log Server built:          Aug 2 2024 15:14:43 UTC
24-Aug-2024 20:36:11.958 INFO [main] org.apache.catalina.startup.VersionLoggerListener.log Server version number: 10.1.28.0
24-Aug-2024 20:36:11.958 INFO [main] org.apache.catalina.startup.VersionLoggerListener.log OS Name:               Windows 11
24-Aug-2024 20:36:11.958 INFO [main] org.apache.catalina.startup.VersionLoggerListener.log OS Version:            10.0
24-Aug-2024 20:36:11.958 INFO [main] org.apache.catalina.startup.VersionLoggerListener.log Architecture:          amd64
24-Aug-2024 20:36:11.958 INFO [main] org.apache.catalina.startup.VersionLoggerListener.log Java Home:             C:\Program Files\Java\jdk-22
24-Aug-2024 20:36:11.959 INFO [main] org.apache.catalina.startup.VersionLoggerListener.log JVM Version:           22.0.2+9-70
24-Aug-2024 20:36:11.959 INFO [main] org.apache.catalina.startup.VersionLoggerListener.log JVM Vendor:            Oracle Corporation
24-Aug-2024 20:36:11.959 INFO [main] org.apache.catalina.startup.VersionLoggerListener.log CATALINA_BASE:         C:\Users\eshwarg_700053\IdeaProjects\EmployeeProject\src\main\java\com\training
24-Aug-2024 20:36:11.959 INFO [main] org.apache.catalina.startup.VersionLoggerListener.log CATALINA_HOME:         C:\Users\eshwarg_700053\Downloads\apache-tomcat-10.1.28-windows-x64\apache-tomcat-10.1.28
24-Aug-2024 20:36:11.974 INFO [main] org.apache.catalina.startup.VersionLoggerListener.log Command line argument: --add-opens=java.base/java.lang=ALL-UNNAMED
24-Aug-2024 20:36:11.974 INFO [main] org.apache.catalina.startup.VersionLoggerListener.log Command line argument: --add-opens=java.base/java.io=ALL-UNNAMED
24-Aug-2024 20:36:11.974 INFO [main] org.apache.catalina.startup.VersionLoggerListener.log Command line argument: --add-opens=java.base/java.util=ALL-UNNAMED
24-Aug-2024 20:36:11.974 INFO [main] org.apache.catalina.startup.VersionLoggerListener.log Command line argument: --add-opens=java.base/java.util.concurrent=ALL-UNNAMED
24-Aug-2024 20:36:11.974 INFO [main] org.apache.catalina.startup.VersionLoggerListener.log Command line argument: --add-opens=java.rmi/sun.rmi.transport=ALL-UNNAMED
24-Aug-2024 20:36:11.974 INFO [main] org.apache.catalina.startup.VersionLoggerListener.log Command line argument: -Dcatalina.home=C:\Users\eshwarg_700053\Downloads\apache-tomcat-10.1.28-windows-x64\apache-tomcat-10.1.28
24-Aug-2024 20:36:11.974 INFO [main] org.apache.catalina.startup.VersionLoggerListener.log Command line argument: -Dcatalina.base=C:\Users\eshwarg_700053\IdeaProjects\EmployeeProject\src\main\java\com\training
24-Aug-2024 20:36:11.974 INFO [main] org.apache.catalina.startup.VersionLoggerListener.log Command line argument: -Djava.io.tmpdir=C:\Users\eshwarg_700053\IdeaProjects\EmployeeProject\src\main\java\com\training\temp
24-Aug-2024 20:36:11.974 INFO [main] org.apache.catalina.startup.VersionLoggerListener.log Command line argument: -Djava.util.logging.config.file=C:\Users\eshwarg_700053\IdeaProjects\EmployeeProject\src\main\java\com\training\conf\logging.properties
24-Aug-2024 20:36:11.975 INFO [main] org.apache.catalina.startup.VersionLoggerListener.log Command line argument: -Djava.util.logging.manager=org.apache.juli.ClassLoaderLogManager
24-Aug-2024 20:36:11.975 INFO [main] org.apache.catalina.startup.VersionLoggerListener.log Command line argument: -javaagent:C:\Program Files\JetBrains\IntelliJ IDEA Community Edition 2024.2\lib\idea_rt.jar=58932:C:\Program Files\JetBrains\IntelliJ IDEA Community Edition 2024.2\bin
24-Aug-2024 20:36:11.975 INFO [main] org.apache.catalina.startup.VersionLoggerListener.log Command line argument: -Dfile.encoding=UTF-8
24-Aug-2024 20:36:11.975 INFO [main] org.apache.catalina.startup.VersionLoggerListener.log Command line argument: -Dsun.stdout.encoding=UTF-8
24-Aug-2024 20:36:11.975 INFO [main] org.apache.catalina.startup.VersionLoggerListener.log Command line argument: -Dsun.stderr.encoding=UTF-8
24-Aug-2024 20:36:11.981 INFO [main] org.apache.catalina.core.AprLifecycleListener.lifecycleEvent Loaded Apache Tomcat Native library [2.0.8] using APR version [1.7.4].
24-Aug-2024 20:36:11.999 INFO [main] org.apache.catalina.core.AprLifecycleListener.initializeSSL OpenSSL successfully initialized [OpenSSL 3.0.14 4 Jun 2024]
24-Aug-2024 20:36:12.302 INFO [main] org.apache.coyote.AbstractProtocol.init Initializing ProtocolHandler ["http-nio-8080"]
24-Aug-2024 20:36:12.322 INFO [main] org.apache.catalina.startup.Catalina.load Server initialization in [559] milliseconds
24-Aug-2024 20:36:12.373 INFO [main] org.apache.catalina.core.StandardService.startInternal Starting service [Catalina]
24-Aug-2024 20:36:12.373 INFO [main] org.apache.catalina.core.StandardEngine.startInternal Starting Servlet engine: [Apache Tomcat/10.1.28]
24-Aug-2024 20:36:12.391 INFO [main] org.apache.catalina.startup.HostConfig.deployDescriptor Deploying deployment descriptor [C:\Users\eshwarg_700053\IdeaProjects\EmployeeProject\src\main\java\com\training\conf\Catalina\localhost\api.xml]
24-Aug-2024 20:36:13.332 INFO [main] org.apache.jasper.servlet.TldScanner.scanJars At least one JAR was scanned for TLDs yet contained no TLDs. Enable debug logging for this logger for a complete list of JARs that were scanned but no TLDs were found in them. Skipping unneeded JARs during scanning can improve startup time and JSP compilation time.
24-Aug-2024 20:36:13.394 INFO [main] org.apache.catalina.startup.HostConfig.deployDescriptor Deployment of deployment descriptor [C:\Users\eshwarg_700053\IdeaProjects\EmployeeProject\src\main\java\com\training\conf\Catalina\localhost\api.xml] has finished in [1,003] ms
24-Aug-2024 20:36:13.398 INFO [main] org.apache.coyote.AbstractProtocol.start Starting ProtocolHandler ["http-nio-8080"]
24-Aug-2024 20:36:13.450 INFO [main] org.apache.catalina.startup.Catalina.start Server startup in [1125] milliseconds
24-Aug-2024 20:41:03.789 INFO [Thread-1] org.apache.coyote.AbstractProtocol.pause Pausing ProtocolHandler ["http-nio-8080"]
24-Aug-2024 20:41:03.802 INFO [Thread-1] org.apache.catalina.core.StandardService.stopInternal Stopping service [Catalina]
24-Aug-2024 20:41:03.817 INFO [Thread-1] org.apache.coyote.AbstractProtocol.stop Stopping ProtocolHandler ["http-nio-8080"]
24-Aug-2024 20:41:03.836 INFO [Thread-1] org.apache.coyote.AbstractProtocol.destroy Destroying ProtocolHandler ["http-nio-8080"]
